000 (16567363.000.000) 2023-12-26 16:37:10 Job submitted from host: <128.104.101.92:9618?addrs=128.104.101.92-9618+[2607-f388-107c-501-a236-9fff-fe3c-caa8]-9618&alias=submit2.chtc.wisc.edu&noUDP&sock=schedd_2525712_ee46>
...
040 (16567363.000.000) 2023-12-26 16:38:08 Started transferring input files
	Transferring to host: <128.105.69.42:9618?addrs=128.105.69.42-9618&alias=e2364.chtc.wisc.edu&noUDP&sock=slot1_3_13136_400f_20193>
...
040 (16567363.000.000) 2023-12-26 16:38:10 Finished transferring input files
...
001 (16567363.000.000) 2023-12-26 16:38:10 Job executing on host: <128.105.69.42:9618?addrs=128.105.69.42-9618&alias=e2364.chtc.wisc.edu&noUDP&sock=startd_7722_3a6a>
	SlotName: slot1_3@e2364.chtc.wisc.edu
	CondorScratchDir = "/var/lib/condor/execute/slot1/dir_6718"
	Cpus = 1
	Disk = 12984645
	IoHeavy = 0
	Memory = 8192
...
006 (16567363.000.000) 2023-12-26 16:43:19 Image size of job updated: 91
	91  -  MemoryUsage of job (MB)
	94180  -  ResidentSetSize of job (KB)
...
006 (16567363.000.000) 2023-12-26 16:48:20 Image size of job updated: 4882
	4882  -  MemoryUsage of job (MB)
	4999524  -  ResidentSetSize of job (KB)
...
006 (16567363.000.000) 2023-12-26 16:53:22 Image size of job updated: 6133
	6133  -  MemoryUsage of job (MB)
	6280572  -  ResidentSetSize of job (KB)
...
006 (16567363.000.000) 2023-12-26 16:58:21 Image size of job updated: 6859
	6859  -  MemoryUsage of job (MB)
	7024032  -  ResidentSetSize of job (KB)
...
000 (16567380.000.000) 2023-12-26 16:58:56 Job submitted from host: <128.104.101.92:9618?addrs=128.104.101.92-9618+[2607-f388-107c-501-a236-9fff-fe3c-caa8]-9618&alias=submit2.chtc.wisc.edu&noUDP&sock=schedd_2525712_ee46>
...
040 (16567380.000.000) 2023-12-26 16:59:32 Started transferring input files
	Transferring to host: <128.105.68.216:9618?addrs=128.105.68.216-9618&alias=e303.chtc.wisc.edu&noUDP&sock=slot1_22_20989_662f_14671>
...
040 (16567380.000.000) 2023-12-26 16:59:35 Finished transferring input files
...
001 (16567380.000.000) 2023-12-26 16:59:36 Job executing on host: <128.105.68.216:9618?addrs=128.105.68.216-9618&alias=e303.chtc.wisc.edu&noUDP&sock=startd_7793_eda3>
	SlotName: slot1_22@e303.chtc.wisc.edu
	CondorScratchDir = "/var/lib/condor/execute/slot1/dir_25317"
	Cpus = 1
	Disk = 12976332
	IoHeavy = 0
	Memory = 8192
...
006 (16567380.000.000) 2023-12-26 17:04:45 Image size of job updated: 307996
	12  -  MemoryUsage of job (MB)
	11792  -  ResidentSetSize of job (KB)
...
000 (16567383.000.000) 2023-12-26 17:15:29 Job submitted from host: <128.104.101.92:9618?addrs=128.104.101.92-9618+[2607-f388-107c-501-a236-9fff-fe3c-caa8]-9618&alias=submit2.chtc.wisc.edu&noUDP&sock=schedd_2525712_ee46>
...
040 (16567383.000.000) 2023-12-26 17:16:10 Started transferring input files
	Transferring to host: <128.105.68.250:9618?addrs=128.105.68.250-9618&alias=e2337.chtc.wisc.edu&noUDP&sock=slot1_26_32396_a99e_19674>
...
040 (16567383.000.000) 2023-12-26 17:16:13 Finished transferring input files
...
001 (16567383.000.000) 2023-12-26 17:16:13 Job executing on host: <128.105.68.250:9618?addrs=128.105.68.250-9618&alias=e2337.chtc.wisc.edu&noUDP&sock=startd_7954_5c63>
	SlotName: slot1_26@e2337.chtc.wisc.edu
	CondorScratchDir = "/var/lib/condor/execute/slot1/dir_3165"
	Cpus = 1
	Disk = 12806569
	IoHeavy = 0
	Memory = 8192
...
006 (16567383.000.000) 2023-12-26 17:21:21 Image size of job updated: 101
	101  -  MemoryUsage of job (MB)
	103616  -  ResidentSetSize of job (KB)
...
006 (16567380.000.000) 2023-12-26 17:22:03 Image size of job updated: 307996
	36  -  MemoryUsage of job (MB)
	37064  -  ResidentSetSize of job (KB)
...
004 (16567380.000.000) 2023-12-26 17:22:04 Job was evicted.
	(0) CPU times
		Usr 0 00:00:03, Sys 0 00:00:06  -  Run Remote Usage
		Usr 0 00:00:00, Sys 0 00:00:00  -  Run Local Usage
	0  -  Run Bytes Sent By Job
	20047  -  Run Bytes Received By Job
	Partitionable Resources :      Usage  Request Allocated 
	   Cpus                 :       0.00        1         1 
	   Disk (KB)            : 7348373    12582912  12976332 
	   IoHeavy              :                             0 
	   Memory (MB)          :      36        8192      8192 
	   TimeExecute (s)      :    1347                       
	   TimeSlotBusy (s)     :    1352                       
...
009 (16567380.000.000) 2023-12-26 17:22:04 Job was aborted.
	via condor_rm (by user aharish2)
...
004 (16567363.000.000) 2023-12-26 17:22:08 Job was evicted.
	(0) CPU times
		Usr 0 03:08:53, Sys 0 00:23:06  -  Run Remote Usage
		Usr 0 00:00:00, Sys 0 00:00:00  -  Run Local Usage
	0  -  Run Bytes Sent By Job
	20153  -  Run Bytes Received By Job
	Partitionable Resources :      Usage  Request Allocated 
	   Cpus                 :       0.00        1         1 
	   Disk (KB)            : 4403791    12582912  12984645 
	   IoHeavy              :                             0 
	   Memory (MB)          :    6859        8192      8192 
	   TimeExecute (s)      :    2637                       
	   TimeSlotBusy (s)     :    2640                       
...
009 (16567363.000.000) 2023-12-26 17:22:08 Job was aborted.
	via condor_rm (by user aharish2)
...
